Build started 5/22/2016 7:54:33 PM.
     1>Project "C:\Users\Blake\Documents\GitHub\BlakeSchultze\pCT_Reconstruction\Visual Studio Files\pCT_Reconstruction.vcxproj" on node 2 (Build target(s)).
     1>InitializeBuildStatus:
         Touching "x64\Release\pCT_Reconstruction.unsuccessfulbuild".
       AddCudaCompileDeps:
         C:\Program Files (x86)\Microsoft Visual Studio 11.0\VC\bin\x86_amd64\cl.exe /E /nologo /showIncludes /TP /D__CUDACC__ /D_MBCS /I"C:\Program Files\NVIDIA GPU Computing Toolkit\CUDA\v6.5\include" /I"C:\Program Files\NVIDIA GPU Computing Toolkit\CUDA\v6.5\bin" /I"C:\Program Files\NVIDIA GPU Computing Toolkit\CUDA\v6.5\include" /I. /FIcuda_runtime.h /c C:\Users\Blake\Documents\GitHub\BlakeSchultze\pCT_Reconstruction\src\pCT_Reconstruction_Data_Segments_Blake.cu 
       AddCudaCompilePropsDeps:
       Skipping target "AddCudaCompilePropsDeps" because all output files are up-to-date with respect to the input files.
       CudaBuild:
         Compiling CUDA source file ..\src\pCT_Reconstruction_Data_Segments_Blake.cu...
         cmd.exe /C "C:\Users\Blake\AppData\Local\Temp\tmp8d1eb757d04a4ec499b5e7b95711270f.cmd"
         "C:\Program Files\NVIDIA GPU Computing Toolkit\CUDA\v6.5\bin\nvcc.exe" -gencode=arch=compute_30,code=\"sm_30,compute_30\" --use-local-env --cl-version 2012 -ccbin "C:\Program Files (x86)\Microsoft Visual Studio 11.0\VC\bin\x86_amd64"  -I"C:\Program Files\NVIDIA GPU Computing Toolkit\CUDA\v6.5\include" -I"C:\Program Files\NVIDIA GPU Computing Toolkit\CUDA\v6.5\include"     --keep-dir x64\Release -maxrregcount=0  --machine 64 --compile -cudart static     -D_MBCS -Xcompiler "/EHsc /W3 /nologo /O2 /Zi  /MD  " -o x64\Release\pCT_Reconstruction_Data_Segments_Blake.cu.obj "C:\Users\Blake\Documents\GitHub\BlakeSchultze\pCT_Reconstruction\src\pCT_Reconstruction_Data_Segments_Blake.cu"
         
         C:\Users\Blake\Documents\GitHub\BlakeSchultze\pCT_Reconstruction\Visual Studio Files>"C:\Program Files\NVIDIA GPU Computing Toolkit\CUDA\v6.5\bin\nvcc.exe" -gencode=arch=compute_30,code=\"sm_30,compute_30\" --use-local-env --cl-version 2012 -ccbin "C:\Program Files (x86)\Microsoft Visual Studio 11.0\VC\bin\x86_amd64"  -I"C:\Program Files\NVIDIA GPU Computing Toolkit\CUDA\v6.5\include" -I"C:\Program Files\NVIDIA GPU Computing Toolkit\CUDA\v6.5\include"     --keep-dir x64\Release -maxrregcount=0  --machine 64 --compile -cudart static     -D_MBCS -Xcompiler "/EHsc /W3 /nologo /O2 /Zi  /MD  " -o x64\Release\pCT_Reconstruction_Data_Segments_Blake.cu.obj "C:\Users\Blake\Documents\GitHub\BlakeSchultze\pCT_Reconstruction\src\pCT_Reconstruction_Data_Segments_Blake.cu" 
     1>C:/Users/Blake/Documents/GitHub/BlakeSchultze/pCT_Reconstruction/src/pCT_Reconstruction_Data_Segments_Blake.cu(8074): warning : variable "start_position" was declared but never referenced
         
     1>C:/Users/Blake/Documents/GitHub/BlakeSchultze/pCT_Reconstruction/src/pCT_Reconstruction_Data_Segments_Blake.cu(8074): warning : variable "start_position" was declared but never referenced
         
         pCT_Reconstruction_Data_Segments_Blake.cu
     1>c:\users\blake\documents\github\blakeschultze\pct_reconstruction\src\../include/pCT_Reconstruction_Data_Segments_Blake.h(404): warning C4305: 'initializing' : truncation from 'double' to 'float'
     1>c:\users\blake\documents\github\blakeschultze\pct_reconstruction\src\../include/pCT_Reconstruction_Data_Segments_Blake.h(423): warning C4244: 'argument' : conversion from 'int' to 'float', possible loss of data
     1>c:\users\blake\documents\github\blakeschultze\pct_reconstruction\src\../include/pCT_Reconstruction_Data_Segments_Blake.h(428): warning C4305: 'initializing' : truncation from 'double' to 'float'
     1>C:/Users/Blake/Documents/GitHub/BlakeSchultze/pCT_Reconstruction/src/pCT_Reconstruction_Data_Segments_Blake.cu(23): warning C4800: 'void *' : forcing value to bool 'true' or 'false' (performance warning)
     1>C:/Users/Blake/Documents/GitHub/BlakeSchultze/pCT_Reconstruction/src/pCT_Reconstruction_Data_Segments_Blake.cu(2667): warning C4305: '*=' : truncation from 'double' to 'float'
     1>C:/Users/Blake/Documents/GitHub/BlakeSchultze/pCT_Reconstruction/src/pCT_Reconstruction_Data_Segments_Blake.cu(2668): warning C4305: '*=' : truncation from 'double' to 'float'
     1>C:/Users/Blake/Documents/GitHub/BlakeSchultze/pCT_Reconstruction/src/pCT_Reconstruction_Data_Segments_Blake.cu(2669): warning C4305: '*=' : truncation from 'double' to 'float'
     1>C:/Users/Blake/Documents/GitHub/BlakeSchultze/pCT_Reconstruction/src/pCT_Reconstruction_Data_Segments_Blake.cu(2670): warning C4305: '*=' : truncation from 'double' to 'float'
     1>C:/Users/Blake/Documents/GitHub/BlakeSchultze/pCT_Reconstruction/src/pCT_Reconstruction_Data_Segments_Blake.cu(2671): warning C4305: '*=' : truncation from 'double' to 'float'
     1>C:/Users/Blake/Documents/GitHub/BlakeSchultze/pCT_Reconstruction/src/pCT_Reconstruction_Data_Segments_Blake.cu(2672): warning C4305: '*=' : truncation from 'double' to 'float'
     1>C:/Users/Blake/Documents/GitHub/BlakeSchultze/pCT_Reconstruction/src/pCT_Reconstruction_Data_Segments_Blake.cu(2673): warning C4305: '*=' : truncation from 'double' to 'float'
     1>C:/Users/Blake/Documents/GitHub/BlakeSchultze/pCT_Reconstruction/src/pCT_Reconstruction_Data_Segments_Blake.cu(2674): warning C4305: '*=' : truncation from 'double' to 'float'
     1>C:/Users/Blake/Documents/GitHub/BlakeSchultze/pCT_Reconstruction/src/pCT_Reconstruction_Data_Segments_Blake.cu(2675): warning C4305: '*=' : truncation from 'double' to 'float'
     1>C:/Users/Blake/Documents/GitHub/BlakeSchultze/pCT_Reconstruction/src/pCT_Reconstruction_Data_Segments_Blake.cu(2676): warning C4305: '*=' : truncation from 'double' to 'float'
     1>C:/Users/Blake/Documents/GitHub/BlakeSchultze/pCT_Reconstruction/src/pCT_Reconstruction_Data_Segments_Blake.cu(2677): warning C4305: '*=' : truncation from 'double' to 'float'
     1>C:/Users/Blake/Documents/GitHub/BlakeSchultze/pCT_Reconstruction/src/pCT_Reconstruction_Data_Segments_Blake.cu(2678): warning C4305: '*=' : truncation from 'double' to 'float'
     1>C:/Users/Blake/Documents/GitHub/BlakeSchultze/pCT_Reconstruction/src/pCT_Reconstruction_Data_Segments_Blake.cu(2679): warning C4305: '*=' : truncation from 'double' to 'float'
     1>C:/Users/Blake/Documents/GitHub/BlakeSchultze/pCT_Reconstruction/src/pCT_Reconstruction_Data_Segments_Blake.cu(2800): warning C4244: '=' : conversion from 'double' to 'float', possible loss of data
     1>C:/Users/Blake/Documents/GitHub/BlakeSchultze/pCT_Reconstruction/src/pCT_Reconstruction_Data_Segments_Blake.cu(2801): warning C4244: '=' : conversion from 'double' to 'float', possible loss of data
     1>C:/Users/Blake/Documents/GitHub/BlakeSchultze/pCT_Reconstruction/src/pCT_Reconstruction_Data_Segments_Blake.cu(2802): warning C4244: '=' : conversion from 'double' to 'float', possible loss of data
     1>C:/Users/Blake/Documents/GitHub/BlakeSchultze/pCT_Reconstruction/src/pCT_Reconstruction_Data_Segments_Blake.cu(2803): warning C4244: '=' : conversion from 'double' to 'float', possible loss of data
     1>C:/Users/Blake/Documents/GitHub/BlakeSchultze/pCT_Reconstruction/src/pCT_Reconstruction_Data_Segments_Blake.cu(2804): warning C4244: '=' : conversion from 'double' to 'float', possible loss of data
     1>C:/Users/Blake/Documents/GitHub/BlakeSchultze/pCT_Reconstruction/src/pCT_Reconstruction_Data_Segments_Blake.cu(2805): warning C4244: '=' : conversion from 'double' to 'float', possible loss of data
     1>C:/Users/Blake/Documents/GitHub/BlakeSchultze/pCT_Reconstruction/src/pCT_Reconstruction_Data_Segments_Blake.cu(2806): warning C4244: '=' : conversion from 'double' to 'float', possible loss of data
     1>C:/Users/Blake/Documents/GitHub/BlakeSchultze/pCT_Reconstruction/src/pCT_Reconstruction_Data_Segments_Blake.cu(2807): warning C4244: '=' : conversion from 'double' to 'float', possible loss of data
     1>C:/Users/Blake/Documents/GitHub/BlakeSchultze/pCT_Reconstruction/src/pCT_Reconstruction_Data_Segments_Blake.cu(2808): warning C4244: '=' : conversion from 'double' to 'float', possible loss of data
     1>C:/Users/Blake/Documents/GitHub/BlakeSchultze/pCT_Reconstruction/src/pCT_Reconstruction_Data_Segments_Blake.cu(2839): warning C4305: '*=' : truncation from 'double' to 'float'
     1>C:/Users/Blake/Documents/GitHub/BlakeSchultze/pCT_Reconstruction/src/pCT_Reconstruction_Data_Segments_Blake.cu(2840): warning C4305: '*=' : truncation from 'double' to 'float'
     1>C:/Users/Blake/Documents/GitHub/BlakeSchultze/pCT_Reconstruction/src/pCT_Reconstruction_Data_Segments_Blake.cu(2841): warning C4305: '*=' : truncation from 'double' to 'float'
     1>C:/Users/Blake/Documents/GitHub/BlakeSchultze/pCT_Reconstruction/src/pCT_Reconstruction_Data_Segments_Blake.cu(2842): warning C4305: '*=' : truncation from 'double' to 'float'
     1>C:/Users/Blake/Documents/GitHub/BlakeSchultze/pCT_Reconstruction/src/pCT_Reconstruction_Data_Segments_Blake.cu(2875): warning C4018: '<=' : signed/unsigned mismatch
     1>C:/Users/Blake/Documents/GitHub/BlakeSchultze/pCT_Reconstruction/src/pCT_Reconstruction_Data_Segments_Blake.cu(3060): warning C4018: '<' : signed/unsigned mismatch
     1>C:/Users/Blake/Documents/GitHub/BlakeSchultze/pCT_Reconstruction/src/pCT_Reconstruction_Data_Segments_Blake.cu(3065): warning C4305: '*=' : truncation from 'double' to 'float'
     1>C:/Users/Blake/Documents/GitHub/BlakeSchultze/pCT_Reconstruction/src/pCT_Reconstruction_Data_Segments_Blake.cu(3066): warning C4305: '*=' : truncation from 'double' to 'float'
     1>C:/Users/Blake/Documents/GitHub/BlakeSchultze/pCT_Reconstruction/src/pCT_Reconstruction_Data_Segments_Blake.cu(3067): warning C4305: '*=' : truncation from 'double' to 'float'
     1>C:/Users/Blake/Documents/GitHub/BlakeSchultze/pCT_Reconstruction/src/pCT_Reconstruction_Data_Segments_Blake.cu(3068): warning C4305: '*=' : truncation from 'double' to 'float'
     1>C:/Users/Blake/Documents/GitHub/BlakeSchultze/pCT_Reconstruction/src/pCT_Reconstruction_Data_Segments_Blake.cu(3069): warning C4305: '*=' : truncation from 'double' to 'float'
     1>C:/Users/Blake/Documents/GitHub/BlakeSchultze/pCT_Reconstruction/src/pCT_Reconstruction_Data_Segments_Blake.cu(3070): warning C4305: '*=' : truncation from 'double' to 'float'
     1>C:/Users/Blake/Documents/GitHub/BlakeSchultze/pCT_Reconstruction/src/pCT_Reconstruction_Data_Segments_Blake.cu(3071): warning C4305: '*=' : truncation from 'double' to 'float'
     1>C:/Users/Blake/Documents/GitHub/BlakeSchultze/pCT_Reconstruction/src/pCT_Reconstruction_Data_Segments_Blake.cu(3072): warning C4305: '*=' : truncation from 'double' to 'float'
     1>C:/Users/Blake/Documents/GitHub/BlakeSchultze/pCT_Reconstruction/src/pCT_Reconstruction_Data_Segments_Blake.cu(3073): warning C4305: '*=' : truncation from 'double' to 'float'
     1>C:/Users/Blake/Documents/GitHub/BlakeSchultze/pCT_Reconstruction/src/pCT_Reconstruction_Data_Segments_Blake.cu(3076): warning C4305: '*=' : truncation from 'double' to 'float'
     1>C:/Users/Blake/Documents/GitHub/BlakeSchultze/pCT_Reconstruction/src/pCT_Reconstruction_Data_Segments_Blake.cu(3077): warning C4305: '*=' : truncation from 'double' to 'float'
     1>C:/Users/Blake/Documents/GitHub/BlakeSchultze/pCT_Reconstruction/src/pCT_Reconstruction_Data_Segments_Blake.cu(3078): warning C4305: '*=' : truncation from 'double' to 'float'
     1>C:/Users/Blake/Documents/GitHub/BlakeSchultze/pCT_Reconstruction/src/pCT_Reconstruction_Data_Segments_Blake.cu(3079): warning C4305: '*=' : truncation from 'double' to 'float'
     1>C:/Users/Blake/Documents/GitHub/BlakeSchultze/pCT_Reconstruction/src/pCT_Reconstruction_Data_Segments_Blake.cu(3223): warning C4018: '<' : signed/unsigned mismatch
     1>C:/Users/Blake/Documents/GitHub/BlakeSchultze/pCT_Reconstruction/src/pCT_Reconstruction_Data_Segments_Blake.cu(3228): warning C4305: '*=' : truncation from 'double' to 'float'
     1>C:/Users/Blake/Documents/GitHub/BlakeSchultze/pCT_Reconstruction/src/pCT_Reconstruction_Data_Segments_Blake.cu(3229): warning C4305: '*=' : truncation from 'double' to 'float'
     1>C:/Users/Blake/Documents/GitHub/BlakeSchultze/pCT_Reconstruction/src/pCT_Reconstruction_Data_Segments_Blake.cu(3230): warning C4305: '*=' : truncation from 'double' to 'float'
     1>C:/Users/Blake/Documents/GitHub/BlakeSchultze/pCT_Reconstruction/src/pCT_Reconstruction_Data_Segments_Blake.cu(3231): warning C4305: '*=' : truncation from 'double' to 'float'
     1>C:/Users/Blake/Documents/GitHub/BlakeSchultze/pCT_Reconstruction/src/pCT_Reconstruction_Data_Segments_Blake.cu(3232): warning C4305: '*=' : truncation from 'double' to 'float'
     1>C:/Users/Blake/Documents/GitHub/BlakeSchultze/pCT_Reconstruction/src/pCT_Reconstruction_Data_Segments_Blake.cu(3233): warning C4305: '*=' : truncation from 'double' to 'float'
     1>C:/Users/Blake/Documents/GitHub/BlakeSchultze/pCT_Reconstruction/src/pCT_Reconstruction_Data_Segments_Blake.cu(3234): warning C4305: '*=' : truncation from 'double' to 'float'
     1>C:/Users/Blake/Documents/GitHub/BlakeSchultze/pCT_Reconstruction/src/pCT_Reconstruction_Data_Segments_Blake.cu(3235): warning C4305: '*=' : truncation from 'double' to 'float'
     1>C:/Users/Blake/Documents/GitHub/BlakeSchultze/pCT_Reconstruction/src/pCT_Reconstruction_Data_Segments_Blake.cu(3236): warning C4305: '*=' : truncation from 'double' to 'float'
     1>C:/Users/Blake/Documents/GitHub/BlakeSchultze/pCT_Reconstruction/src/pCT_Reconstruction_Data_Segments_Blake.cu(3239): warning C4305: '*=' : truncation from 'double' to 'float'
     1>C:/Users/Blake/Documents/GitHub/BlakeSchultze/pCT_Reconstruction/src/pCT_Reconstruction_Data_Segments_Blake.cu(3240): warning C4305: '*=' : truncation from 'double' to 'float'
     1>C:/Users/Blake/Documents/GitHub/BlakeSchultze/pCT_Reconstruction/src/pCT_Reconstruction_Data_Segments_Blake.cu(3241): warning C4305: '*=' : truncation from 'double' to 'float'
     1>C:/Users/Blake/Documents/GitHub/BlakeSchultze/pCT_Reconstruction/src/pCT_Reconstruction_Data_Segments_Blake.cu(3242): warning C4305: '*=' : truncation from 'double' to 'float'
     1>C:/Users/Blake/Documents/GitHub/BlakeSchultze/pCT_Reconstruction/src/pCT_Reconstruction_Data_Segments_Blake.cu(3627): warning C4018: '<' : signed/unsigned mismatch
     1>C:/Users/Blake/Documents/GitHub/BlakeSchultze/pCT_Reconstruction/src/pCT_Reconstruction_Data_Segments_Blake.cu(4089): warning C4018: '<' : signed/unsigned mismatch
     1>C:/Users/Blake/Documents/GitHub/BlakeSchultze/pCT_Reconstruction/src/pCT_Reconstruction_Data_Segments_Blake.cu(4449): warning C4305: '=' : truncation from 'double' to 'float'
     1>C:/Users/Blake/Documents/GitHub/BlakeSchultze/pCT_Reconstruction/src/pCT_Reconstruction_Data_Segments_Blake.cu(4483): warning C4244: '+=' : conversion from 'double' to 'float', possible loss of data
     1>C:/Users/Blake/Documents/GitHub/BlakeSchultze/pCT_Reconstruction/src/pCT_Reconstruction_Data_Segments_Blake.cu(4493): warning C4244: '+=' : conversion from 'double' to 'float', possible loss of data
     1>C:/Users/Blake/Documents/GitHub/BlakeSchultze/pCT_Reconstruction/src/pCT_Reconstruction_Data_Segments_Blake.cu(4499): warning C4244: '*=' : conversion from 'double' to 'float', possible loss of data
     1>C:/Users/Blake/Documents/GitHub/BlakeSchultze/pCT_Reconstruction/src/pCT_Reconstruction_Data_Segments_Blake.cu(6781): warning C4244: '=' : conversion from 'ULL' to 'uint', possible loss of data
     1>C:/Users/Blake/Documents/GitHub/BlakeSchultze/pCT_Reconstruction/src/pCT_Reconstruction_Data_Segments_Blake.cu(6835): warning C4244: 'initializing' : conversion from '__int64' to 'unsigned int', possible loss of data
     1>C:/Users/Blake/Documents/GitHub/BlakeSchultze/pCT_Reconstruction/src/pCT_Reconstruction_Data_Segments_Blake.cu(6865): warning C4018: '<' : signed/unsigned mismatch
     1>C:/Users/Blake/Documents/GitHub/BlakeSchultze/pCT_Reconstruction/src/pCT_Reconstruction_Data_Segments_Blake.cu(6870): warning C4018: '<' : signed/unsigned mismatch
     1>C:/Users/Blake/Documents/GitHub/BlakeSchultze/pCT_Reconstruction/src/pCT_Reconstruction_Data_Segments_Blake.cu(6875): warning C4018: '<' : signed/unsigned mismatch
     1>C:/Users/Blake/Documents/GitHub/BlakeSchultze/pCT_Reconstruction/src/pCT_Reconstruction_Data_Segments_Blake.cu(6893): warning C4018: '<' : signed/unsigned mismatch
     1>C:/Users/Blake/Documents/GitHub/BlakeSchultze/pCT_Reconstruction/src/pCT_Reconstruction_Data_Segments_Blake.cu(8020): warning C4018: '<=' : signed/unsigned mismatch
     1>C:/Users/Blake/Documents/GitHub/BlakeSchultze/pCT_Reconstruction/src/pCT_Reconstruction_Data_Segments_Blake.cu(8110): warning C4018: '<=' : signed/unsigned mismatch
     1>C:/Users/Blake/Documents/GitHub/BlakeSchultze/pCT_Reconstruction/src/pCT_Reconstruction_Data_Segments_Blake.cu(8165): warning C4244: '=' : conversion from 'double' to 'int', possible loss of data
     1>C:/Users/Blake/Documents/GitHub/BlakeSchultze/pCT_Reconstruction/src/pCT_Reconstruction_Data_Segments_Blake.cu(8168): warning C4244: 'argument' : conversion from 'int' to 'float', possible loss of data
     1>C:/Users/Blake/Documents/GitHub/BlakeSchultze/pCT_Reconstruction/src/pCT_Reconstruction_Data_Segments_Blake.cu(8747): warning C4018: '<' : signed/unsigned mismatch
     1>C:/Users/Blake/Documents/GitHub/BlakeSchultze/pCT_Reconstruction/src/pCT_Reconstruction_Data_Segments_Blake.cu(9470): warning C4244: 'initializing' : conversion from '__int64' to 'unsigned int', possible loss of data
     1>C:/Users/Blake/Documents/GitHub/BlakeSchultze/pCT_Reconstruction/src/pCT_Reconstruction_Data_Segments_Blake.cu(9485): warning C4244: 'initializing' : conversion from '__int64' to 'unsigned int', possible loss of data
     1>C:/Users/Blake/Documents/GitHub/BlakeSchultze/pCT_Reconstruction/src/pCT_Reconstruction_Data_Segments_Blake.cu(9494): warning C4244: 'initializing' : conversion from '__int64' to 'unsigned int', possible loss of data
     1>C:/Users/Blake/Documents/GitHub/BlakeSchultze/pCT_Reconstruction/src/pCT_Reconstruction_Data_Segments_Blake.cu(9600): warning C4018: '<' : signed/unsigned mismatch
     1>C:/Users/Blake/Documents/GitHub/BlakeSchultze/pCT_Reconstruction/src/pCT_Reconstruction_Data_Segments_Blake.cu(9603): warning C4018: '<' : signed/unsigned mismatch
     1>C:/Users/Blake/Documents/GitHub/BlakeSchultze/pCT_Reconstruction/src/pCT_Reconstruction_Data_Segments_Blake.cu(9616): warning C4018: '<' : signed/unsigned mismatch
     1>C:/Users/Blake/Documents/GitHub/BlakeSchultze/pCT_Reconstruction/src/pCT_Reconstruction_Data_Segments_Blake.cu(9621): warning C4018: '<' : signed/unsigned mismatch
     1>C:/Users/Blake/Documents/GitHub/BlakeSchultze/pCT_Reconstruction/src/pCT_Reconstruction_Data_Segments_Blake.cu(9991): warning C4018: '<=' : signed/unsigned mismatch
     1>C:/Users/Blake/Documents/GitHub/BlakeSchultze/pCT_Reconstruction/src/pCT_Reconstruction_Data_Segments_Blake.cu(9997): warning C4018: '<' : signed/unsigned mismatch
     1>C:/Users/Blake/Documents/GitHub/BlakeSchultze/pCT_Reconstruction/src/pCT_Reconstruction_Data_Segments_Blake.cu(10011): warning C4018: '<=' : signed/unsigned mismatch
     1>C:/Users/Blake/Documents/GitHub/BlakeSchultze/pCT_Reconstruction/src/pCT_Reconstruction_Data_Segments_Blake.cu(10017): warning C4018: '<' : signed/unsigned mismatch
     1>C:/Users/Blake/Documents/GitHub/BlakeSchultze/pCT_Reconstruction/src/pCT_Reconstruction_Data_Segments_Blake.cu(8584): warning C4018: '<' : signed/unsigned mismatch
                 C:/Users/Blake/Documents/GitHub/BlakeSchultze/pCT_Reconstruction/src/pCT_Reconstruction_Data_Segments_Blake.cu(8608) : see reference to function template instantiation 'void iteratively_perturb_image_unconditional<float>(T *,bool *,UINT)' being compiled
                 with
                 [
                     T=float
                 ]
     1>C:/Users/Blake/Documents/GitHub/BlakeSchultze/pCT_Reconstruction/src/pCT_Reconstruction_Data_Segments_Blake.cu(8499): warning C4018: '<' : signed/unsigned mismatch
                 C:/Users/Blake/Documents/GitHub/BlakeSchultze/pCT_Reconstruction/src/pCT_Reconstruction_Data_Segments_Blake.cu(10000) : see reference to function template instantiation 'void iteratively_perturb_image<float>(T *,bool *,UINT)' being compiled
                 with
                 [
                     T=float
                 ]
       Link:
         C:\Program Files (x86)\Microsoft Visual Studio 11.0\VC\bin\x86_amd64\link.exe /ERRORREPORT:PROMPT /OUT:"C:\Users\Blake\Documents\GitHub\BlakeSchultze\pCT_Reconstruction\Visual Studio Files\x64\Release\pCT_Reconstruction.exe" /NOLOGO /LIBPATH:"C:\Program Files\NVIDIA GPU Computing Toolkit\CUDA\v6.5\lib\x64" cudart.lib C:\root\lib\libASImage.lib C:\root\lib\libASImageGui.lib C:\root\lib\libCint.lib C:\root\lib\libCore.lib C:\root\lib\libMathCore.lib C:\root\lib\libEG.lib C:\root\lib\libEGPythia6.lib C:\root\lib\libGed.lib C:\root\lib\libGeom.lib C:\root\lib\libGeomPainter.lib C:\root\lib\libGpad.lib C:\root\lib\libGraf.lib C:\root\lib\libGraf3d.lib C:\root\lib\libGui.lib C:\root\lib\libHist.lib C:\root\lib\libHistPainter.lib C:\root\lib\libHtml.lib C:\root\lib\libPhysics.lib C:\root\lib\libPostscript.lib C:\root\lib\libRGL.lib C:\root\lib\libRint.lib C:\root\lib\libTree.lib C:\root\lib\libTreePlayer.lib C:\root\lib\libTreeViewer.lib kernel32.lib user32.lib gdi32.lib winspool.lib comdlg32.lib advapi32.lib shell32.lib ole32.lib oleaut32.lib uuid.lib odbc32.lib odbccp32.lib /MANIFEST /MANIFESTUAC:"level='asInvoker' uiAccess='false'" /manifest:embed /DEBUG /PDB:"C:\Users\Blake\Documents\GitHub\BlakeSchultze\pCT_Reconstruction\Visual Studio Files\x64\Release\pCT_Reconstruction.pdb" /OPT:REF /OPT:ICF /TLBID:1 /DYNAMICBASE /NXCOMPAT /IMPLIB:"C:\Users\Blake\Documents\GitHub\BlakeSchultze\pCT_Reconstruction\Visual Studio Files\x64\Release\pCT_Reconstruction.lib" /MACHINE:X64 x64\Release\pCT_Reconstruction_Data_Segments_Blake.cu.obj
     1>LINK : fatal error LNK1181: cannot open input file 'C:\root\lib\libASImage.lib'
     1>Done Building Project "C:\Users\Blake\Documents\GitHub\BlakeSchultze\pCT_Reconstruction\Visual Studio Files\pCT_Reconstruction.vcxproj" (Build target(s)) -- FAILED.

Build FAILED.

Time Elapsed 00:02:02.70
